TN:
SF:/Users/christopherdonnelly/Documents/NYU Tandon MSCS/Application Security/Assignments/CS-GY-9163-Application-Security-Assignment-1/src/giftcardreader.c
FN:23,animate
FNDA:220,animate
FN:98,print_gift_card_info
FNDA:225,print_gift_card_info
FN:196,get_gift_card_value
FNDA:233,get_gift_card_value
FN:140,gift_card_json
FNDA:8,gift_card_json
FN:217,gift_card_reader
FNDA:227,gift_card_reader
FN:340,main
FNDA:227,main
DA:23,220
DA:26,220
DA:27,220
DA:28,220
DA:29,220
DA:30,220
DA:31,8510428
DA:34,8510226
DA:35,8510226
DA:36,8510226
DA:37,8510226
DA:40,1948674
DA:42,44569
DA:44,21978
DA:45,21978
DA:46,44569
DA:48,63048
DA:50,23332
DA:51,23332
DA:52,63048
DA:54,24646
DA:55,24646
DA:57,185531
DA:59,139916
DA:60,139916
DA:61,185531
DA:63,107498
DA:65,67379
DA:66,67379
DA:67,67379
DA:68,107498
DA:70,73088
DA:72,31579
DA:73,31579
DA:74,31579
DA:75,73088
DA:77,31260
DA:78,31260
DA:80,18
DA:82,2275412
DA:83,2275412
DA:85,144656
DA:86,115470
DA:87,144656
DA:89,8510208
DA:90,8510208
DA:91,8510208
DA:92,117
DA:95,220
DA:98,225
DA:105,225
DA:106,225
DA:107,225
DA:108,225
DA:109,4509
DA:111,4284
DA:112,4284
DA:114,157
DA:115,157
DA:116,157
DA:117,157
DA:119,112
DA:120,112
DA:121,157
DA:122,4127
DA:124,12
DA:125,12
DA:126,12
DA:127,4115
DA:129,220
DA:130,220
DA:131,220
DA:132,220
DA:133,220
DA:134,220
DA:135,4284
DA:136,225
DA:137,225
DA:140,8
DA:145,8
DA:146,8
DA:147,8
DA:148,8
DA:149,8
DA:150,8
DA:151,16
DA:153,8
DA:154,8
DA:155,8
DA:157,6
DA:158,6
DA:159,6
DA:160,6
DA:162,6
DA:163,6
DA:164,6
DA:165,2
DA:167,0
DA:168,0
DA:169,0
DA:170,2
DA:172,2
DA:173,2
DA:174,2
DA:176,2
DA:178,2
DA:180,514
DA:182,512
DA:183,512
DA:184,512
DA:185,2
DA:186,2
DA:187,8
DA:188,0
DA:190,8
DA:191,8
DA:192,8
DA:193,8
DA:194,8
DA:196,233
DA:201,233
DA:203,233
DA:204,4525
DA:206,4292
DA:207,4292
DA:209,163
DA:210,163
DA:211,163
DA:212,4292
DA:213,233
DA:217,227
DA:220,227
DA:226,447
DA:231,227
DA:233,0
DA:234,0
DA:237,227
DA:238,227
DA:240,0
DA:241,0
DA:244,227
DA:246,227
DA:247,227
DA:249,1
DA:250,1
DA:254,226
DA:256,12
DA:257,6
DA:258,6
DA:262,220
DA:263,220
DA:265,220
DA:267,220
DA:268,220
DA:269,220
DA:271,220
DA:272,220
DA:274,220
DA:275,220
DA:277,220
DA:280,4718
DA:284,4498
DA:286,4498
DA:288,4498
DA:290,4498
DA:292,4498
DA:294,4498
DA:295,4498
DA:299,4498
DA:301,165
DA:302,165
DA:306,165
DA:307,0
DA:309,165
DA:310,165
DA:311,165
DA:313,4498
DA:315,13
DA:318,13
DA:319,13
DA:322,4498
DA:324,215
DA:325,215
DA:326,215
DA:327,215
DA:328,215
DA:329,215
DA:330,215
DA:331,215
DA:332,4498
DA:334,220
DA:335,227
DA:340,227
DA:343,227
DA:344,227
DA:345,227
DA:347,7
DA:351,220
DA:352,212
DA:353,8
DA:354,8
DA:357,220
DA:358,227
FNF:6
FNH:6
LF:203
LH:194
end_of_record
